# JRE version: OpenJDK Runtime Environment (11.0.11+9) (build 11.0.11+9-b60-7590822)
# Java VM: OpenJDK 64-Bit Server VM (11.0.11+9-b60-7590822, mixed mode, tiered, compressed oops, g1 gc, windows-amd64)
Heap:
 garbage-first heap   total 227328K, used 111518K [0x0000000080000000, 0x0000000100000000)
  region size 1024K, 64 young (65536K), 3 survivors (3072K)
 Metaspace       used 65165K, capacity 66707K, committed 67056K, reserved 1112064K
  class space    used 8215K, capacity 8791K, committed 8908K, reserved 1048576K
GC Heap History (18 events):
Event: 0.952 GC heap before
{Heap before GC invocations=0 (full 0):
 garbage-first heap   total 227328K, used 28672K [0x0000000080000000, 0x0000000100000000)
  region size 1024K, 22 young (22528K), 0 survivors (0K)
 Metaspace       used 10015K, capacity 10268K, committed 10368K, reserved 1058816K
  class space    used 1039K, capacity 1105K, committed 1152K, reserved 1048576K
}
Event: 0.961 GC heap after
{Heap after GC invocations=1 (full 0):
 garbage-first heap   total 227328K, used 9226K [0x0000000080000000, 0x0000000100000000)
  region size 1024K, 3 young (3072K), 3 survivors (3072K)
 Metaspace       used 10015K, capacity 10268K, committed 10368K, reserved 1058816K
  class space    used 1039K, capacity 1105K, committed 1152K, reserved 1048576K
}
Event: 1.168 GC heap before
{Heap before GC invocations=1 (full 0):
 garbage-first heap   total 227328K, used 19466K [0x0000000080000000, 0x0000000100000000)
  region size 1024K, 13 young (13312K), 3 survivors (3072K)
 Metaspace       used 11053K, capacity 11320K, committed 11520K, reserved 1058816K
  class space    used 1168K, capacity 1243K, committed 1280K, reserved 1048576K
}
Event: 1.173 GC heap after
{Heap after GC invocations=2 (full 0):
 garbage-first heap   total 227328K, used 9781K [0x0000000080000000, 0x0000000100000000)
  region size 1024K, 1 young (1024K), 1 survivors (1024K)
 Metaspace       used 11053K, capacity 11320K, committed 11520K, reserved 1058816K
  class space    used 1168K, capacity 1243K, committed 1280K, reserved 1048576K
}
Event: 1.654 GC heap before
{Heap before GC invocations=2 (full 0):
 garbage-first heap   total 227328K, used 48693K [0x0000000080000000, 0x0000000100000000)
  region size 1024K, 39 young (39936K), 1 survivors (1024K)
 Metaspace       used 11606K, capacity 11956K, committed 12160K, reserved 1060864K
  class space    used 1257K, capacity 1348K, committed 1408K, reserved 1048576K
}
Event: 1.658 GC heap after
{Heap after GC invocations=3 (full 0):
 garbage-first heap   total 227328K, used 14087K [0x0000000080000000, 0x0000000100000000)
  region size 1024K, 5 young (5120K), 5 survivors (5120K)
 Metaspace       used 11606K, capacity 11956K, committed 12160K, reserved 1060864K
  class space    used 1257K, capacity 1348K, committed 1408K, reserved 1048576K
}
Event: 2.922 GC heap before
{Heap before GC invocations=3 (full 0):
 garbage-first heap   total 227328K, used 65287K [0x0000000080000000, 0x0000000100000000)
  region size 1024K, 56 young (57344K), 5 survivors (5120K)
 Metaspace       used 20657K, capacity 21112K, committed 21296K, reserved 1069056K
  class space    used 2535K, capacity 2660K, committed 2688K, reserved 1048576K
}
Event: 2.931 GC heap after
{Heap after GC invocations=4 (full 0):
 garbage-first heap   total 227328K, used 17039K [0x0000000080000000, 0x0000000100000000)
  region size 1024K, 8 young (8192K), 8 survivors (8192K)
 Metaspace       used 20657K, capacity 21112K, committed 21296K, reserved 1069056K
  class space    used 2535K, capacity 2660K, committed 2688K, reserved 1048576K
}
Event: 3.820 GC heap before
{Heap before GC invocations=5 (full 0):
 garbage-first heap   total 227328K, used 92815K [0x0000000080000000, 0x0000000100000000)
  region size 1024K, 82 young (83968K), 8 survivors (8192K)
 Metaspace       used 28084K, capacity 28701K, committed 28976K, reserved 1075200K
  class space    used 3719K, capacity 3943K, committed 3968K, reserved 1048576K
}
Event: 3.828 GC heap after
{Heap after GC invocations=6 (full 0):
 garbage-first heap   total 227328K, used 20109K [0x0000000080000000, 0x0000000100000000)
  region size 1024K, 6 young (6144K), 6 survivors (6144K)
 Metaspace       used 28084K, capacity 28701K, committed 28976K, reserved 1075200K
  class space    used 3719K, capacity 3943K, committed 3968K, reserved 1048576K
}
Event: 4.440 GC heap before
{Heap before GC invocations=6 (full 0):
 garbage-first heap   total 227328K, used 54925K [0x0000000080000000, 0x0000000100000000)
  region size 1024K, 41 young (41984K), 6 survivors (6144K)
 Metaspace       used 34883K, capacity 35656K, committed 35708K, reserved 1081344K
  class space    used 4538K, capacity 4861K, committed 4864K, reserved 1048576K
}
Event: 4.450 GC heap after
{Heap after GC invocations=7 (full 0):
 garbage-first heap   total 227328K, used 23016K [0x0000000080000000, 0x0000000100000000)
  region size 1024K, 9 young (9216K), 9 survivors (9216K)
 Metaspace       used 34883K, capacity 35656K, committed 35708K, reserved 1081344K
  class space    used 4538K, capacity 4861K, committed 4864K, reserved 1048576K
}
Event: 5.851 GC heap before
{Heap before GC invocations=8 (full 0):
 garbage-first heap   total 227328K, used 141800K [0x0000000080000000, 0x0000000100000000)
  region size 1024K, 122 young (124928K), 9 survivors (9216K)
 Metaspace       used 44540K, capacity 45495K, committed 45692K, reserved 1089536K
  class space    used 5717K, capacity 6058K, committed 6144K, reserved 1048576K
}
Event: 5.864 GC heap after
{Heap after GC invocations=9 (full 0):
 garbage-first heap   total 227328K, used 30156K [0x0000000080000000, 0x0000000100000000)
  region size 1024K, 16 young (16384K), 16 survivors (16384K)
 Metaspace       used 44540K, capacity 45495K, committed 45692K, reserved 1089536K
  class space    used 5717K, capacity 6058K, committed 6144K, reserved 1048576K
}
Event: 8.070 GC heap before
{Heap before GC invocations=9 (full 0):
 garbage-first heap   total 227328K, used 155084K [0x0000000080000000, 0x0000000100000000)
  region size 1024K, 133 young (136192K), 16 survivors (16384K)
 Metaspace       used 52420K, capacity 53729K, committed 54012K, reserved 1095680K
  class space    used 6678K, capacity 7188K, committed 7296K, reserved 1048576K
}
Event: 8.091 GC heap after
{Heap after GC invocations=10 (full 0):
 garbage-first heap   total 227328K, used 46772K [0x0000000080000000, 0x0000000100000000)
  region size 1024K, 17 young (17408K), 17 survivors (17408K)
 Metaspace       used 52420K, capacity 53729K, committed 54012K, reserved 1095680K
  class space    used 6678K, capacity 7188K, committed 7296K, reserved 1048576K
}
Event: 9.276 GC heap before
{Heap before GC invocations=10 (full 0):
 garbage-first heap   total 227328K, used 88756K [0x0000000080000000, 0x0000000100000000)
  region size 1024K, 59 young (60416K), 17 survivors (17408K)
 Metaspace       used 58550K, capacity 59845K, committed 59940K, reserved 1101824K
  class space    used 7406K, capacity 7921K, committed 7936K, reserved 1048576K
}
Event: 9.295 GC heap after
{Heap after GC invocations=11 (full 0):
 garbage-first heap   total 227328K, used 50078K [0x0000000080000000, 0x0000000100000000)
  region size 1024K, 3 young (3072K), 3 survivors (3072K)
 Metaspace       used 58550K, capacity 59845K, committed 59940K, reserved 1101824K
  class space    used 7406K, capacity 7921K, committed 7936K, reserved 1048576K
}

